Determining if the Q_WS_WIN exist failed with the following output:
Change Dir: /home/ketian/Documents/code/traffic-sign/CMakeFiles/CMakeTmp

Run Build Command:/usr/bin/make "cmTryCompileExec4233928813/fast"
/usr/bin/make -f CMakeFiles/cmTryCompileExec4233928813.dir/build.make CMakeFiles/cmTryCompileExec4233928813.dir/build
make[1]: Entering directory `/home/ketian/Documents/code/traffic-sign/CMakeFiles/CMakeTmp'
/usr/bin/cmake -E cmake_progress_report /home/ketian/Documents/code/traffic-sign/CMakeFiles/CMakeTmp/CMakeFiles 1
Building CXX object CMakeFiles/cmTryCompileExec4233928813.dir/CheckSymbolExists.cxx.o
/usr/bin/c++    -I/usr/include/qt4    -o CMakeFiles/cmTryCompileExec4233928813.dir/CheckSymbolExists.cxx.o -c /home/ketian/Documents/code/traffic-sign/CMakeFiles/CMakeTmp/CheckSymbolExists.cxx
/home/ketian/Documents/code/traffic-sign/CMakeFiles/CMakeTmp/CheckSymbolExists.cxx: In function ‘int main(int, char**)’:
/home/ketian/Documents/code/traffic-sign/CMakeFiles/CMakeTmp/CheckSymbolExists.cxx:8:19: error: ‘Q_WS_WIN’ was not declared in this scope
   return ((int*)(&Q_WS_WIN))[argc];
                   ^
make[1]: Leaving directory `/home/ketian/Documents/code/traffic-sign/CMakeFiles/CMakeTmp'
make[1]: *** [CMakeFiles/cmTryCompileExec4233928813.dir/CheckSymbolExists.cxx.o] Error 1
make: *** [cmTryCompileExec4233928813/fast] Error 2

File /home/ketian/Documents/code/traffic-sign/CMakeFiles/CMakeTmp/CheckSymbolExists.cxx:
/* */
#include <QtCore/qglobal.h>

int main(int argc, char** argv)
{
  (void)argv;
#ifndef Q_WS_WIN
  return ((int*)(&Q_WS_WIN))[argc];
#else
  (void)argc;
  return 0;
#endif
}

Determining if the Q_WS_QWS exist failed with the following output:
Change Dir: /home/ketian/Documents/code/traffic-sign/CMakeFiles/CMakeTmp

Run Build Command:/usr/bin/make "cmTryCompileExec2940508572/fast"
/usr/bin/make -f CMakeFiles/cmTryCompileExec2940508572.dir/build.make CMakeFiles/cmTryCompileExec2940508572.dir/build
make[1]: Entering directory `/home/ketian/Documents/code/traffic-sign/CMakeFiles/CMakeTmp'
/usr/bin/cmake -E cmake_progress_report /home/ketian/Documents/code/traffic-sign/CMakeFiles/CMakeTmp/CMakeFiles 1
Building CXX object CMakeFiles/cmTryCompileExec2940508572.dir/CheckSymbolExists.cxx.o
/usr/bin/c++    -I/usr/include/qt4    -o CMakeFiles/cmTryCompileExec2940508572.dir/CheckSymbolExists.cxx.o -c /home/ketian/Documents/code/traffic-sign/CMakeFiles/CMakeTmp/CheckSymbolExists.cxx
/home/ketian/Documents/code/traffic-sign/CMakeFiles/CMakeTmp/CheckSymbolExists.cxx: In function ‘int main(int, char**)’:
/home/ketian/Documents/code/traffic-sign/CMakeFiles/CMakeTmp/CheckSymbolExists.cxx:8:19: error: ‘Q_WS_QWS’ was not declared in this scope
   return ((int*)(&Q_WS_QWS))[argc];
                   ^
make[1]: Leaving directory `/home/ketian/Documents/code/traffic-sign/CMakeFiles/CMakeTmp'
make[1]: *** [CMakeFiles/cmTryCompileExec2940508572.dir/CheckSymbolExists.cxx.o] Error 1
make: *** [cmTryCompileExec2940508572/fast] Error 2

File /home/ketian/Documents/code/traffic-sign/CMakeFiles/CMakeTmp/CheckSymbolExists.cxx:
/* */
#include <QtCore/qglobal.h>

int main(int argc, char** argv)
{
  (void)argv;
#ifndef Q_WS_QWS
  return ((int*)(&Q_WS_QWS))[argc];
#else
  (void)argc;
  return 0;
#endif
}

Determining if the Q_WS_MAC exist failed with the following output:
Change Dir: /home/ketian/Documents/code/traffic-sign/CMakeFiles/CMakeTmp

Run Build Command:/usr/bin/make "cmTryCompileExec3704095085/fast"
/usr/bin/make -f CMakeFiles/cmTryCompileExec3704095085.dir/build.make CMakeFiles/cmTryCompileExec3704095085.dir/build
make[1]: Entering directory `/home/ketian/Documents/code/traffic-sign/CMakeFiles/CMakeTmp'
/usr/bin/cmake -E cmake_progress_report /home/ketian/Documents/code/traffic-sign/CMakeFiles/CMakeTmp/CMakeFiles 1
Building CXX object CMakeFiles/cmTryCompileExec3704095085.dir/CheckSymbolExists.cxx.o
/usr/bin/c++    -I/usr/include/qt4    -o CMakeFiles/cmTryCompileExec3704095085.dir/CheckSymbolExists.cxx.o -c /home/ketian/Documents/code/traffic-sign/CMakeFiles/CMakeTmp/CheckSymbolExists.cxx
/home/ketian/Documents/code/traffic-sign/CMakeFiles/CMakeTmp/CheckSymbolExists.cxx: In function ‘int main(int, char**)’:
/home/ketian/Documents/code/traffic-sign/CMakeFiles/CMakeTmp/CheckSymbolExists.cxx:8:19: error: ‘Q_WS_MAC’ was not declared in this scope
   return ((int*)(&Q_WS_MAC))[argc];
                   ^
make[1]: Leaving directory `/home/ketian/Documents/code/traffic-sign/CMakeFiles/CMakeTmp'
make[1]: *** [CMakeFiles/cmTryCompileExec3704095085.dir/CheckSymbolExists.cxx.o] Error 1
make: *** [cmTryCompileExec3704095085/fast] Error 2

File /home/ketian/Documents/code/traffic-sign/CMakeFiles/CMakeTmp/CheckSymbolExists.cxx:
/* */
#include <QtCore/qglobal.h>

int main(int argc, char** argv)
{
  (void)argv;
#ifndef Q_WS_MAC
  return ((int*)(&Q_WS_MAC))[argc];
#else
  (void)argc;
  return 0;
#endif
}

